\BOOKMARK [1][-]{section*.2}{\376\377\006\101\006\107\006\061\006\063\006\052\000\040\006\052\006\065\006\047\006\110\006\314\006\061}{}% 1
\BOOKMARK [1][-]{chapter*.3}{\376\377\006\101\006\107\006\061\006\063\006\052\000\040\006\054\006\057\006\047\006\110\006\104}{}% 2
\BOOKMARK [1][-]{section*.5}{\376\377\006\206\006\251\006\314\006\057\006\107}{}% 3
\BOOKMARK [0][-]{chapter.1}{\376\377\006\105\006\102\006\057\006\105\006\107}{}% 4
\BOOKMARK [1][-]{section.1.1}{\376\377\006\176\006\314\006\064\006\257\006\101\006\052\006\047\006\061}{chapter.1}% 5
\BOOKMARK [1][-]{section.1.2}{\376\377\006\063\006\047\006\056\006\052\006\047\006\061\000\040\006\257\006\062\006\047\006\061\006\064}{chapter.1}% 6
\BOOKMARK [0][-]{chapter.2}{\376\377\006\101\006\065\006\104\000\040\006\057\006\110\006\105}{}% 7
\BOOKMARK [1][-]{section.2.1}{\376\377\006\102\006\105\006\063\006\052\000\040\006\047\006\110\006\104}{chapter.2}% 8
\BOOKMARK [1][-]{section.2.2}{\376\377\006\054\006\105\006\071\040\014\006\050\006\106\006\057\006\314}{chapter.2}% 9
\BOOKMARK [0][-]{chapter.3}{\376\377\006\101\006\065\006\104\000\040\006\050\006\071\006\057\006\314}{}% 10
\BOOKMARK [1][-]{section.3.1}{\376\377\006\105\006\102\006\057\006\105\006\107}{chapter.3}% 11
\BOOKMARK [1][-]{section.3.2}{\376\377\006\054\006\105\006\071\040\014\006\050\006\106\006\057\006\314}{chapter.3}% 12
\BOOKMARK [0][-]{chapter.4}{\376\377\006\061\006\110\006\064\000\040\006\176\006\314\006\064\006\106\006\107\006\047\006\057\006\314}{}% 13
\BOOKMARK [1][-]{section.4.1}{\376\377\006\105\006\102\006\057\006\105\006\107}{chapter.4}% 14
\BOOKMARK [1][-]{section.4.2}{\376\377\006\054\006\105\006\071\040\014\006\050\006\106\006\057\006\314}{chapter.4}% 15
\BOOKMARK [0][-]{chapter.5}{\376\377\006\042\006\062\006\105\006\047\006\314\006\064\040\014\006\107\006\047\000\040\006\110\000\040\006\106\006\052\006\047\006\314\006\054}{}% 16
\BOOKMARK [1][-]{section.5.1}{\376\377\006\105\006\102\006\057\006\105\006\107}{chapter.5}% 17
\BOOKMARK [1][-]{section.5.2}{\376\377\006\054\006\105\006\071\040\014\006\050\006\106\006\057\006\314}{chapter.5}% 18
\BOOKMARK [0][-]{chapter.6}{\376\377\006\106\006\052\006\314\006\054\006\107\040\014\006\257\006\314\006\061\006\314\000\040\006\110\000\040\006\176\006\314\006\064\006\106\006\107\006\047\006\057\006\107\006\047}{}% 19
\BOOKMARK [1][-]{section.6.1}{\376\377\006\106\006\052\006\314\006\054\006\107\040\014\006\257\006\314\006\061\006\314}{chapter.6}% 20
\BOOKMARK [1][-]{section.6.2}{\376\377\006\176\006\314\006\064\006\106\006\107\006\047\006\057\040\014\006\107\006\047}{chapter.6}% 21
\BOOKMARK [0][-]{appendix.Alph1}{\376\377\006\050\006\056\006\064\006\314\000\040\006\047\006\062\000\040\006\176\006\314\006\110\006\063\006\052}{}% 22
\BOOKMARK [1][-]{section.Alph1.1}{\376\377\006\176\006\314\006\110\006\063\006\052\000\040\006\047\006\110\006\104}{appendix.Alph1}% 23
\BOOKMARK [1][-]{section*.6}{\376\377\006\105\006\061\006\047\006\054\006\071}{appendix.Alph1}% 24
\BOOKMARK [1][-]{section*.6}{\376\377\006\206\006\251\006\314\006\057\006\107\000\040\006\047\006\106\006\257\006\104\006\314\006\063\006\314}{appendix.Alph1}% 25
